# JRE version: Java(TM) SE Runtime Environment (8.0_111-b14) (build 1.8.0_111-b14)
# Java VM: Java HotSpot(TM) 64-Bit Server VM (25.111-b14 mixed mode windows-amd64 compressed oops)
Heap:
 PSYoungGen      total 134656K, used 56922K [0x00000000eb980000, 0x00000000f7880000, 0x0000000100000000)
  eden space 125440K, 38% used [0x00000000eb980000,0x00000000ee81a610,0x00000000f3400000)
  from space 9216K, 99% used [0x00000000f3400000,0x00000000f3cfc290,0x00000000f3d00000)
  to   space 10752K, 0% used [0x00000000f6e00000,0x00000000f6e00000,0x00000000f7880000)
 ParOldGen       total 35840K, used 12374K [0x00000000c2c00000, 0x00000000c4f00000, 0x00000000eb980000)
  object space 35840K, 34% used [0x00000000c2c00000,0x00000000c3815978,0x00000000c4f00000)
 Metaspace       used 31241K, capacity 32358K, committed 32512K, reserved 1077248K
  class space    used 3751K, capacity 4007K, committed 4096K, reserved 1048576K
GC Heap History (10 events):
Event: 4.432 GC heap before
{Heap before GC invocations=6 (full 0):
 PSYoungGen      total 34304K, used 34288K [0x00000000eb980000, 0x00000000f0580000, 0x0000000100000000)
  eden space 31744K, 100% used [0x00000000eb980000,0x00000000ed880000,0x00000000ed880000)
  from space 2560K, 99% used [0x00000000ed880000,0x00000000edafc030,0x00000000edb00000)
  to   space 7168K, 0% used [0x00000000efe80000,0x00000000efe80000,0x00000000f0580000)
 ParOldGen       total 42496K, used 10644K [0x00000000c2c00000, 0x00000000c5580000, 0x00000000eb980000)
  object space 42496K, 25% used [0x00000000c2c00000,0x00000000c3665340,0x00000000c5580000)
 Metaspace       used 18781K, capacity 19424K, committed 19712K, reserved 1067008K
  class space    used 2356K, capacity 2513K, committed 2560K, reserved 1048576K
Event: 4.445 GC heap after
Heap after GC invocations=6 (full 0):
 PSYoungGen      total 70144K, used 6640K [0x00000000eb980000, 0x00000000f0680000, 0x0000000100000000)
  eden space 62976K, 0% used [0x00000000eb980000,0x00000000eb980000,0x00000000ef700000)
  from space 7168K, 92% used [0x00000000efe80000,0x00000000f04fc018,0x00000000f0580000)
  to   space 7680K, 0% used [0x00000000ef700000,0x00000000ef700000,0x00000000efe80000)
 ParOldGen       total 42496K, used 10652K [0x00000000c2c00000, 0x00000000c5580000, 0x00000000eb980000)
  object space 42496K, 25% used [0x00000000c2c00000,0x00000000c3667340,0x00000000c5580000)
 Metaspace       used 18781K, capacity 19424K, committed 19712K, reserved 1067008K
  class space    used 2356K, capacity 2513K, committed 2560K, reserved 1048576K
}
Event: 6.517 GC heap before
{Heap before GC invocations=7 (full 0):
 PSYoungGen      total 70144K, used 69616K [0x00000000eb980000, 0x00000000f0680000, 0x0000000100000000)
  eden space 62976K, 100% used [0x00000000eb980000,0x00000000ef700000,0x00000000ef700000)
  from space 7168K, 92% used [0x00000000efe80000,0x00000000f04fc018,0x00000000f0580000)
  to   space 7680K, 0% used [0x00000000ef700000,0x00000000ef700000,0x00000000efe80000)
 ParOldGen       total 42496K, used 10652K [0x00000000c2c00000, 0x00000000c5580000, 0x00000000eb980000)
  object space 42496K, 25% used [0x00000000c2c00000,0x00000000c3667340,0x00000000c5580000)
 Metaspace       used 19861K, capacity 20516K, committed 20864K, reserved 1067008K
  class space    used 2417K, capacity 2589K, committed 2688K, reserved 1048576K
Event: 6.536 GC heap after
Heap after GC invocations=7 (full 0):
 PSYoungGen      total 70656K, used 7440K [0x00000000eb980000, 0x00000000f4580000, 0x0000000100000000)
  eden space 62976K, 0% used [0x00000000eb980000,0x00000000eb980000,0x00000000ef700000)
  from space 7680K, 96% used [0x00000000ef700000,0x00000000efe44030,0x00000000efe80000)
  to   space 8704K, 0% used [0x00000000f3d00000,0x00000000f3d00000,0x00000000f4580000)
 ParOldGen       total 42496K, used 11704K [0x00000000c2c00000, 0x00000000c5580000, 0x00000000eb980000)
  object space 42496K, 27% used [0x00000000c2c00000,0x00000000c376e198,0x00000000c5580000)
 Metaspace       used 19861K, capacity 20516K, committed 20864K, reserved 1067008K
  class space    used 2417K, capacity 2589K, committed 2688K, reserved 1048576K
}
Event: 6.734 GC heap before
{Heap before GC invocations=8 (full 0):
 PSYoungGen      total 70656K, used 17479K [0x00000000eb980000, 0x00000000f4580000, 0x0000000100000000)
  eden space 62976K, 15% used [0x00000000eb980000,0x00000000ec34dde0,0x00000000ef700000)
  from space 7680K, 96% used [0x00000000ef700000,0x00000000efe44030,0x00000000efe80000)
  to   space 8704K, 0% used [0x00000000f3d00000,0x00000000f3d00000,0x00000000f4580000)
 ParOldGen       total 42496K, used 11704K [0x00000000c2c00000, 0x00000000c5580000, 0x00000000eb980000)
  object space 42496K, 27% used [0x00000000c2c00000,0x00000000c376e198,0x00000000c5580000)
 Metaspace       used 20427K, capacity 21102K, committed 21248K, reserved 1067008K
  class space    used 2504K, capacity 2723K, committed 2816K, reserved 1048576K
Event: 6.744 GC heap after
Heap after GC invocations=8 (full 0):
 PSYoungGen      total 134144K, used 7124K [0x00000000eb980000, 0x00000000f4680000, 0x0000000100000000)
  eden space 125440K, 0% used [0x00000000eb980000,0x00000000eb980000,0x00000000f3400000)
  from space 8704K, 81% used [0x00000000f3d00000,0x00000000f43f5058,0x00000000f4580000)
  to   space 9216K, 0% used [0x00000000f3400000,0x00000000f3400000,0x00000000f3d00000)
 ParOldGen       total 42496K, used 12228K [0x00000000c2c00000, 0x00000000c5580000, 0x00000000eb980000)
  object space 42496K, 28% used [0x00000000c2c00000,0x00000000c37f1130,0x00000000c5580000)
 Metaspace       used 20427K, capacity 21102K, committed 21248K, reserved 1067008K
  class space    used 2504K, capacity 2723K, committed 2816K, reserved 1048576K
}
Event: 6.744 GC heap before
{Heap before GC invocations=9 (full 1):
 PSYoungGen      total 134144K, used 7124K [0x00000000eb980000, 0x00000000f4680000, 0x0000000100000000)
  eden space 125440K, 0% used [0x00000000eb980000,0x00000000eb980000,0x00000000f3400000)
  from space 8704K, 81% used [0x00000000f3d00000,0x00000000f43f5058,0x00000000f4580000)
  to   space 9216K, 0% used [0x00000000f3400000,0x00000000f3400000,0x00000000f3d00000)
 ParOldGen       total 42496K, used 12228K [0x00000000c2c00000, 0x00000000c5580000, 0x00000000eb980000)
  object space 42496K, 28% used [0x00000000c2c00000,0x00000000c37f1130,0x00000000c5580000)
 Metaspace       used 20427K, capacity 21102K, committed 21248K, reserved 1067008K
  class space    used 2504K, capacity 2723K, committed 2816K, reserved 1048576K
Event: 6.809 GC heap after
Heap after GC invocations=9 (full 1):
 PSYoungGen      total 134144K, used 0K [0x00000000eb980000, 0x00000000f4680000, 0x0000000100000000)
  eden space 125440K, 0% used [0x00000000eb980000,0x00000000eb980000,0x00000000f3400000)
  from space 8704K, 0% used [0x00000000f3d00000,0x00000000f3d00000,0x00000000f4580000)
  to   space 9216K, 0% used [0x00000000f3400000,0x00000000f3400000,0x00000000f3d00000)
 ParOldGen       total 35840K, used 10576K [0x00000000c2c00000, 0x00000000c4f00000, 0x00000000eb980000)
  object space 35840K, 29% used [0x00000000c2c00000,0x00000000c36540e8,0x00000000c4f00000)
 Metaspace       used 20427K, capacity 21102K, committed 21248K, reserved 1067008K
  class space    used 2504K, capacity 2723K, committed 2816K, reserved 1048576K
}
Event: 12.247 GC heap before
{Heap before GC invocations=10 (full 1):
 PSYoungGen      total 134144K, used 125440K [0x00000000eb980000, 0x00000000f4680000, 0x0000000100000000)
  eden space 125440K, 100% used [0x00000000eb980000,0x00000000f3400000,0x00000000f3400000)
  from space 8704K, 0% used [0x00000000f3d00000,0x00000000f3d00000,0x00000000f4580000)
  to   space 9216K, 0% used [0x00000000f3400000,0x00000000f3400000,0x00000000f3d00000)
 ParOldGen       total 35840K, used 10576K [0x00000000c2c00000, 0x00000000c4f00000, 0x00000000eb980000)
  object space 35840K, 29% used [0x00000000c2c00000,0x00000000c36540e8,0x00000000c4f00000)
 Metaspace       used 28264K, capacity 29168K, committed 29568K, reserved 1075200K
  class space    used 3364K, capacity 3595K, committed 3712K, reserved 1048576K
Event: 12.263 GC heap after
Heap after GC invocations=10 (full 1):
 PSYoungGen      total 134656K, used 9200K [0x00000000eb980000, 0x00000000f7880000, 0x0000000100000000)
  eden space 125440K, 0% used [0x00000000eb980000,0x00000000eb980000,0x00000000f3400000)
  from space 9216K, 99% used [0x00000000f3400000,0x00000000f3cfc290,0x00000000f3d00000)
  to   space 10752K, 0% used [0x00000000f6e00000,0x00000000f6e00000,0x00000000f7880000)
 ParOldGen       total 35840K, used 12374K [0x00000000c2c00000, 0x00000000c4f00000, 0x00000000eb980000)
  object space 35840K, 34% used [0x00000000c2c00000,0x00000000c3815978,0x00000000c4f00000)
 Metaspace       used 28264K, capacity 29168K, committed 29568K, reserved 1075200K
  class space    used 3364K, capacity 3595K, committed 3712K, reserved 1048576K
}

